<?xml version="1.0" encoding="utf-8"?><testsuites name="pytest tests"><testsuite name="pytest" errors="0" failures="0" skipped="0" tests="19" time="1.253" timestamp="2026-08-30T09:25:03.362613+00:00" hostname="agent-env-cfbf2893-0d94-49c9-908d-b65a54b3db55"><testcase classname="tests.backend_test.TestCatalogue" name="test_list_all_jackets" time="0.238" /><testcase classname="tests.backend_test.TestCraftStory" name="test_story_no_narration" time="0.257" /><testcase classname="tests.backend_test.TestCatalogue" name="test_filter_women_ajrakh" time="0.085" /><testcase classname="tests.backend_test.TestCraftStory" name="test_audio_status_configured" time="0.054" /><testcase classname="tests.backend_test.TestCraftStory" name="test_audio_stream" time="0.124" /><testcase classname="tests.backend_test.TestCatalogue" name="test_filter_men_kantha" time="0.043" /><testcase classname="tests.backend_test.TestCatalogue" name="test_filter_kalamkari" time="0.044" /><testcase classname="tests.backend_test.TestCatalogue" name="test_no_empty_craft_categories" time="0.266" /><testcase classname="tests.backend_test.TestAtelier" name="test_compute_valid_default" time="0.090" /><testcase classname="tests.backend_test.TestAtelier" name="test_compute_invalid_bomber_patchwork" time="0.048" /><testcase classname="tests.backend_test.TestDna" name="test_result_quiet_architect" time="0.050" /><testcase classname="tests.backend_test.TestDna" name="test_result_different_profiles" time="0.100" /><testcase classname="tests.backend_test.TestCatalogue" name="test_crafts_endpoint" time="0.043" /><testcase classname="tests.backend_test.TestCatalogue" name="test_hero_jacket_reversible" time="0.045" /><testcase classname="tests.backend_test.TestMedia" name="test_media_serves_image[ajrakh_overshirt_men]" time="0.066" /><testcase classname="tests.backend_test.TestCatalogue" name="test_j10_kalamkari_exists" time="0.046" /><testcase classname="tests.backend_test.TestMedia" name="test_media_serves_image[kantha_texture]" time="0.056" /><testcase classname="tests.backend_test.TestCatalogue" name="test_missing_jacket_404" time="0.083" /><testcase classname="tests.backend_test.TestCheckout" name="test_checkout_returns_order" time="0.091" /></testsuite></testsuites>