<?xml version="1.0" encoding="utf-8"?><testsuites name="pytest tests"><testsuite name="pytest" errors="0" failures="0" skipped="0" tests="17" time="1.020" timestamp="2026-08-30T08:30:07.890509+00:00" hostname="agent-env-cfbf2893-0d94-49c9-908d-b65a54b3db55"><testcase classname="tests.backend_test.TestCatalogue" name="test_list_all_jackets" time="0.229" /><testcase classname="tests.backend_test.TestAtelier" name="test_options" time="0.228" /><testcase classname="tests.backend_test.TestAtelier" name="test_compute_valid_default" time="0.043" /><testcase classname="tests.backend_test.TestCatalogue" name="test_list_minimal_category" time="0.048" /><testcase classname="tests.backend_test.TestAtelier" name="test_compute_invalid_bomber_patchwork" time="0.051" /><testcase classname="tests.backend_test.TestCatalogue" name="test_hero_jacket" time="0.089" /><testcase classname="tests.backend_test.TestAtelier" name="test_compute_pricing_full_stack" time="0.050" /><testcase classname="tests.backend_test.TestCatalogue" name="test_missing_jacket_404" time="0.047" /><testcase classname="tests.backend_test.TestAtelier" name="test_compute_pricing_rust_special_fabric" time="0.043" /><testcase classname="tests.backend_test.TestDna" name="test_questions" time="0.051" /><testcase classname="tests.backend_test.TestCraftStory" name="test_story" time="0.042" /><testcase classname="tests.backend_test.TestCraftStory" name="test_audio_status" time="0.052" /><testcase classname="tests.backend_test.TestDna" name="test_result_deterministic" time="0.048" /><testcase classname="tests.backend_test.TestCraftStory" name="test_audio_stream" time="0.119" /><testcase classname="tests.backend_test.TestDna" name="test_result_second_profile" time="0.048" /><testcase classname="tests.backend_test.TestCheckout" name="test_checkout_returns_order" time="0.064" /><testcase classname="tests.backend_test.TestMedia" name="test_hero_media_present" time="0.053" /></testsuite></testsuites>